<?xml version="1.0" encoding="UTF-8" ?>
<testsuite tests="0" failures="0" name="org.voomega.keycloak.pocs.resource.helper.ResourceDtoFactoryTest" time="0" errors="0" skipped="0">
  <properties>
    <property name="java.runtime.name" value="OpenJDK Runtime Environment"/>
    <property name="java.vm.version" value="17.0.15+6"/>
    <property name="sun.boot.library.path" value="C:\00__INSTALL\04__Platforms\JDK\jdk-17.0.15+6\bin"/>
    <property name="maven.multiModuleProjectDirectory" value="C:\01__PROJECTS\Formations\keykloak-poc\02-github-repos\04-spring-security-gateway-poc"/>
    <property name="java.vm.vendor" value="Eclipse Adoptium"/>
    <property name="java.vendor.url" value="https://adoptium.net/"/>
    <property name="guice.disable.misplaced.annotation.check" value="true"/>
    <property name="path.separator" value=";"/>
    <property name="java.vm.name" value="OpenJDK 64-Bit Server VM"/>
    <property name="sun.os.patch.level" value=""/>
    <property name="user.script" value=""/>
    <property name="user.country" value="GB"/>
    <property name="sun.java.launcher" value="SUN_STANDARD"/>
    <property name="java.vm.specification.name" value="Java Virtual Machine Specification"/>
    <property name="user.dir" value="C:\01__PROJECTS\Formations\keykloak-poc\02-github-repos\04-spring-security-gateway-poc"/>
    <property name="java.vm.compressedOopsMode" value="Zero based"/>
    <property name="java.runtime.version" value="17.0.15+6"/>
    <property name="os.arch" value="amd64"/>
    <property name="java.io.tmpdir" value="C:\Users\voules\AppData\Local\Temp\"/>
    <property name="line.separator" value="
"/>
    <property name="java.vm.specification.vendor" value="Oracle Corporation"/>
    <property name="user.variant" value=""/>
    <property name="os.name" value="Windows 11"/>
    <property name="classworlds.conf" value="C:\00__INSTALL\03__Dev\apache-maven\3.6.3\bin\..\bin\m2.conf"/>
    <property name="sun.jnu.encoding" value="Cp1252"/>
    <property name="java.library.path" value="C:\00__INSTALL\04__Platforms\JDK\jdk-17.0.15+6\bin;C:\WINDOWS\Sun\Java\bin;C:\WINDOWS\system32;C:\WINDOWS;C:\00__INSTALL\04__Platforms\JDK\jdk-17.0.15+6\bin;C:\WINDOWS\system32\;C:\WINDOWS\;C:\WINDOWS\System32\Wbem\;C:\WINDOWS\System32\WindowsPowerShell\v1.0\\;C:\WINDOWS\System32\OpenSSH\\;C:\Windows\CCM\;C:\WINDOWS\system32\;C:\WINDOWS\;C:\WINDOWS\System32\Wbem\;C:\WINDOWS\System32\WindowsPowerShell\v1.0\\;C:\WINDOWS\System32\OpenSSH\\;C:\00__INSTALL\02__Network\Clients\scoop\myapps\shims\;C:\00__INSTALL\04__Platforms\Python\3.7.5\Scripts\\;C:\00__INSTALL\04__Platforms\Python\3.7.5\\;C:\00__INSTALL\02__Network\Clients\AWS-CLI\64PY3\bin\\;C:\00__INSTALL\02__Network\Servers\postgresql-14.1-1\bin\;C:\00__INSTALL\02__Network\Servers\mongodb-4.0.2\bin\;C:\00__INSTALL\02__Network\Servers\mysql-5.7.26-winx64\bin\;C:\00__INSTALL\02__Network\Servers\apache-tomee-plume-7.1.1\bin\;C:\00__INSTALL\02__Network\Servers\node\node-v22.14.0-win-x64\;C:\00__INSTALL\02__Network\Clients\curl\curl-7.70.0-win64-mingw\bin\;C:\00__INSTALL\03__Dev\skaffold\1.19.0\;C:\00__INSTALL\03__Dev\terraform\1.4.0\;C:\00__INSTALL\04__Platforms\Golang\1.19.4\bin\;C:\00__INSTALL\03__Dev\apache-maven-3.6.2\bin\;C:\00__INSTALL\03__Dev\VSCode\1.90.2\bin\;C:\00__INSTALL\04__Platforms\JDK\jdk-8u221\bin\;C:\00__INSTALL\03__Dev\apache-maven\3.6.3\bin\;C:\00__INSTALL\02__Network\Clients\scoop\shims\;C:\Users\voules\scoop\shims\;C:\Users\voules\AppData\Local\Microsoft\WindowsApps\;C:\00__INSTALL\03__Dev\Git\2.23.0\cmd\;%USERPROFILE%\AppData\Local\Microsoft\WindowsApps\;;."/>
    <property name="maven.conf" value="C:\00__INSTALL\03__Dev\apache-maven\3.6.3\bin\../conf"/>
    <property name="jdk.debug" value="release"/>
    <property name="java.class.version" value="61.0"/>
    <property name="java.specification.name" value="Java Platform API Specification"/>
    <property name="sun.management.compiler" value="HotSpot 64-Bit Tiered Compilers"/>
    <property name="os.version" value="10.0"/>
    <property name="library.jansi.path" value="C:\00__INSTALL\03__Dev\apache-maven\3.6.3\bin\..\lib\jansi-native"/>
    <property name="user.home" value="C:\Users\voules"/>
    <property name="user.timezone" value="Europe/Paris"/>
    <property name="file.encoding" value="Cp1252"/>
    <property name="java.specification.version" value="17"/>
    <property name="user.name" value="voules"/>
    <property name="java.class.path" value="C:\00__INSTALL\03__Dev\apache-maven\3.6.3\bin\..\boot\plexus-classworlds-2.6.0.jar"/>
    <property name="java.vm.specification.version" value="17"/>
    <property name="sun.arch.data.model" value="64"/>
    <property name="sun.java.command" value="org.codehaus.plexus.classworlds.launcher.Launcher package"/>
    <property name="java.home" value="C:\00__INSTALL\04__Platforms\JDK\jdk-17.0.15+6"/>
    <property name="user.language" value="en-GB"/>
    <property name="java.specification.vendor" value="Oracle Corporation"/>
    <property name="java.vm.info" value="mixed mode, sharing"/>
    <property name="java.version" value="17.0.15"/>
    <property name="native.encoding" value="Cp1252"/>
    <property name="java.vendor" value="Eclipse Adoptium"/>
    <property name="sun.stderr.encoding" value="cp850"/>
    <property name="java.specification.maintenance.version" value="1"/>
    <property name="maven.home" value="C:\00__INSTALL\03__Dev\apache-maven\3.6.3\bin\.."/>
    <property name="file.separator" value="\"/>
    <property name="java.version.date" value="2025-04-15"/>
    <property name="java.vendor.url.bug" value="https://github.com/adoptium/adoptium-support/issues"/>
    <property name="sun.io.unicode.encoding" value="UnicodeLittle"/>
    <property name="sun.cpu.endian" value="little"/>
    <property name="java.vendor.version" value="Temurin-17.0.15+6"/>
    <property name="sun.stdout.encoding" value="cp850"/>
    <property name="sun.cpu.isalist" value="amd64"/>
  </properties>
</testsuite>